2026-03-16 15:43:11,552 - INFO - Startet auto Zusage Bot...
2026-03-16 15:43:35,243 - INFO - Training  am 17/03: Bereits bestaetigt -> ueberspringen
2026-03-16 15:43:35,255 - INFO - Training  am 19/03: Bereits bestaetigt -> ueberspringen
2026-03-16 15:43:35,273 - INFO - 2026-03-22 00:00:00 ist weniger als 7 Tage von heute entfernt
2026-03-16 15:43:35,302 - INFO - Punktspiel (Home game) MTV Ingolstadt I & III am 22/03: Zusage automatisch gesetzt
2026-03-16 15:43:35,865 - INFO - Spruch des Tages: "Ich traue dem Ergebnis nicht - und dem Schiedsrichter auch nicht!" - LP16
2026-03-16 15:43:38,908 - INFO - Training  am 24/03: Bereits bestaetigt -> ueberspringen
2026-03-16 15:43:38,940 - INFO - 2026-03-26 00:00:00 ist mehr als 7 Tage von heute entfernt
2026-03-16 15:43:38,940 - INFO - Beendet auto Zusage Bot...

2026-03-16 16:52:54,863 - INFO - Startet auto Zusage Bot...
2026-03-16 16:53:07,188 - INFO - Training  am 17/03: Bereits bestaetigt -> ueberspringen
2026-03-16 16:53:07,213 - INFO - Training  am 19/03: Bereits bestaetigt -> ueberspringen
2026-03-16 16:53:07,241 - INFO - Punktspiel (Home game) MTV Ingolstadt I & III am 22/03: Bereits bestaetigt -> ueberspringen
2026-03-16 16:53:07,258 - INFO - Training  am 24/03: Bereits bestaetigt -> ueberspringen
2026-03-16 16:53:07,276 - INFO - 2026-03-26 00:00:00 ist mehr als 7 Tage von heute entfernt
2026-03-16 16:53:07,276 - INFO - Beendet auto Zusage Bot...

2026-03-16 16:57:07,378 - INFO - Startet auto Zusage Bot...
2026-03-16 16:57:15,038 - INFO - Training  am 17/03: Bereits bestaetigt -> ueberspringen
2026-03-16 16:57:15,052 - INFO - Training  am 19/03: Bereits bestaetigt -> ueberspringen
2026-03-16 16:57:15,067 - INFO - Punktspiel (Home game) MTV Ingolstadt I & III am 22/03: Bereits bestaetigt -> ueberspringen
2026-03-16 16:57:15,080 - INFO - Training  am 24/03: Bereits bestaetigt -> ueberspringen
2026-03-16 16:57:15,095 - INFO - 2026-03-26 00:00:00 ist mehr als 7 Tage von heute entfernt
2026-03-16 16:57:15,095 - INFO - Beendet auto Zusage Bot...

Starte zusage_bot.py 
Starte zusage_bot.py 
2026-03-16 17:27:59,599 - INFO - Startet auto Zusage Bot...
2026-03-16 17:28:07,796 - INFO - Training  am 17/03: Bereits bestaetigt -> ueberspringen
2026-03-16 17:28:07,823 - INFO - Training  am 19/03: Bereits bestaetigt -> ueberspringen
2026-03-16 17:28:07,851 - INFO - Punktspiel (Home game) MTV Ingolstadt I & III am 22/03: Bereits bestaetigt -> ueberspringen
2026-03-16 17:28:07,863 - INFO - Training  am 24/03: Bereits bestaetigt -> ueberspringen
2026-03-16 17:28:07,877 - INFO - 2026-03-26 00:00:00 ist mehr als 7 Tage von heute entfernt
2026-03-16 17:28:07,877 - INFO - Beendet auto Zusage Bot...

